<?xml version="1.0" encoding="UTF-8"?>
<!-- Generated by org.testng.reporters.JUnitReportReporter -->
<testsuite skipped="0" hostname="DESKTOP-5CRR46H" name="com.test.scripts.AppTest" tests="1" failures="0" timestamp="11 Mar 2019 09:38:24 GMT" time="8.128" errors="0">
  <testcase name="googletest" time="8.128" classname="com.test.scripts.AppTest"/>
</testsuite> <!-- com.test.scripts.AppTest -->
