<?xml version="1.0" encoding="UTF-8"?>
<!-- Generated by org.testng.reporters.JUnitReportReporter -->
<testsuite skipped="0" hostname="DESKTOP-5CRR46H" name="com.test.scripts.GoogleSearchTest" tests="1" failures="0" timestamp="13 Mar 2019 20:26:11 GMT" time="3.449" errors="0">
  <testcase name="googletest" time="3.449" classname="com.test.scripts.GoogleSearchTest"/>
</testsuite> <!-- com.test.scripts.GoogleSearchTest -->
